Traceback (most recent call last):
  File "/home/runner/work/IRanges/IRanges/.tox/docs/lib/python3.12/site-packages/jupyter_cache/executors/utils.py", line 58, in single_nb_execution
    executenb(
  File "/home/runner/work/IRanges/IRanges/.tox/docs/lib/python3.12/site-packages/nbclient/client.py", line 1319, in execute
    return NotebookClient(nb=nb, resources=resources, km=km, **kwargs).execute()
           ^^^^^^^^^^^^^^^^^^^^^^^^^^^^^^^^^^^^^^^^^^^^^^^^^^^^^^^^^^^^^^^^^^^^^
  File "/home/runner/work/IRanges/IRanges/.tox/docs/lib/python3.12/site-packages/jupyter_core/utils/__init__.py", line 165, in wrapped
    return loop.run_until_complete(inner)
           ^^^^^^^^^^^^^^^^^^^^^^^^^^^^^^
  File "/opt/hostedtoolcache/Python/3.12.8/x64/lib/python3.12/asyncio/base_events.py", line 686, in run_until_complete
    return future.result()
           ^^^^^^^^^^^^^^^
  File "/home/runner/work/IRanges/IRanges/.tox/docs/lib/python3.12/site-packages/nbclient/client.py", line 709, in async_execute
    await self.async_execute_cell(
  File "/home/runner/work/IRanges/IRanges/.tox/docs/lib/python3.12/site-packages/nbclient/client.py", line 1062, in async_execute_cell
    await self._check_raise_for_error(cell, cell_index, exec_reply)
  File "/home/runner/work/IRanges/IRanges/.tox/docs/lib/python3.12/site-packages/nbclient/client.py", line 918, in _check_raise_for_error
    raise CellExecutionError.from_cell_and_msg(cell, exec_reply_content)
nbclient.exceptions.CellExecutionError: An error occurred while executing the following cell:
------------------
narrowed = ir.narrow(start=4, width=2)
print(narrowed)
------------------


[0;31m---------------------------------------------------------------------------[0m
[0;31mException[0m                                 Traceback (most recent call last)
Cell [0;32mIn[9], line 1[0m
[0;32m----> 1[0m narrowed [38;5;241m=[39m [43mir[49m[38;5;241;43m.[39;49m[43mnarrow[49m[43m([49m[43mstart[49m[38;5;241;43m=[39;49m[38;5;241;43m4[39;49m[43m,[49m[43m [49m[43mwidth[49m[38;5;241;43m=[39;49m[38;5;241;43m2[39;49m[43m)[49m
[1;32m      2[0m [38;5;28mprint[39m(narrowed)

File [0;32m~/work/IRanges/IRanges/.tox/docs/lib/python3.12/site-packages/iranges/IRanges.py:1064[0m, in [0;36mIRanges.narrow[0;34m(self, start, width, end, in_place)[0m
[1;32m   1061[0m     [38;5;28;01mreturn[39;00m output
[1;32m   1063[0m sew [38;5;241m=[39m SEWWrangler(output[38;5;241m.[39m_width, start, end, width, translate_negative[38;5;241m=[39m[38;5;28;01mTrue[39;00m, allow_nonnarrowing[38;5;241m=[39m[38;5;28;01mFalse[39;00m)
[0;32m-> 1064[0m window_starts, window_widths [38;5;241m=[39m [43msew[49m[38;5;241;43m.[39;49m[43msolve[49m[43m([49m[43m)[49m
[1;32m   1066[0m output[38;5;241m.[39m_start [38;5;241m=[39m output[38;5;241m.[39m_start [38;5;241m+[39m window_starts [38;5;241m-[39m [38;5;241m1[39m
[1;32m   1067[0m output[38;5;241m.[39m_width [38;5;241m=[39m window_widths

File [0;32m~/work/IRanges/IRanges/.tox/docs/lib/python3.12/site-packages/iranges/sew_handler.py:109[0m, in [0;36mSEWWrangler.solve[0;34m(self)[0m
[1;32m    107[0m     out_widths [38;5;241m=[39m [38;5;28mself[39m[38;5;241m.[39mwidth
[1;32m    108[0m     [38;5;66;03m# Validate after computing[39;00m
[0;32m--> 109[0m     [38;5;28;43mself[39;49m[38;5;241;43m.[39;49m[43m_validate_narrowing[49m[43m([49m[43mout_starts[49m[43m,[49m[43m [49m[43mout_widths[49m[43m)[49m
[1;32m    111[0m [38;5;28;01melse[39;00m:
[1;32m    112[0m     [38;5;66;03m# Only width specified[39;00m
[1;32m    113[0m     out_widths [38;5;241m=[39m [38;5;28mself[39m[38;5;241m.[39mwidth

File [0;32m~/work/IRanges/IRanges/.tox/docs/lib/python3.12/site-packages/iranges/sew_handler.py:77[0m, in [0;36mSEWWrangler._validate_narrowing[0;34m(self, starts, widths)[0m
[1;32m     75[0m [38;5;28;01mif[39;00m np[38;5;241m.[39many(too_wide):
[1;32m     76[0m     idx [38;5;241m=[39m np[38;5;241m.[39mwhere(too_wide)[[38;5;241m0[39m][[38;5;241m0[39m]
[0;32m---> 77[0m     [38;5;28;01mraise[39;00m [38;5;167;01mException[39;00m(
[1;32m     78[0m         [38;5;124mf[39m[38;5;124m"[39m[38;5;124msolving row [39m[38;5;132;01m{[39;00midx[38;5;250m [39m[38;5;241m+[39m[38;5;250m [39m[38;5;241m1[39m[38;5;132;01m}[39;00m[38;5;124m: [39m[38;5;124m'[39m[38;5;124mallow.nonnarrowing[39m[38;5;124m'[39m[38;5;124m is FALSE and [39m[38;5;124m"[39m
[1;32m     79[0m         [38;5;124mf[39m[38;5;124m"[39m[38;5;124mthe solved end ([39m[38;5;132;01m{[39;00m[38;5;28mint[39m(ends[idx])[38;5;132;01m}[39;00m[38;5;124m) is > refwidth[39m[38;5;124m"[39m
[1;32m     80[0m     )

[0;31mException[0m: solving row 2: 'allow.nonnarrowing' is FALSE and the solved end (5) is > refwidth

